<?xml version="1.0" encoding="UTF-8"?>
<!-- Generated by org.testng.reporters.JUnitXMLReporter -->
<testsuite ignored="18" hostname="DESKTOP-GQLF889" failures="0" tests="5" name="smoke" time="32.533" errors="0" timestamp="2021-03-17T19:34:42 EET">
  <testcase classname="Tests.AdminPageTest" name="mainPageTest" time="1.167"/>
  <testcase classname="Tests.ParentPageTest" name="parentLoginPageTest" time="1.483"/>
  <testcase classname="Tests.ParentPageTest" name="parentLogoutTest" time="1.802"/>
  <testcase classname="Tests.SpecialistPageTest" name="specialistLoginPageTest" time="1.285"/>
  <testcase classname="Tests.SpecialistPageTest" name="specialistLogoutPageTest" time="1.981"/>
  <testcase classname="Tests.ChildRegistrationTest" name="pdfUploadTest" time="0.0">
    <ignored/>
  </testcase> <!-- pdfUploadTest -->
  <testcase classname="Tests.StopAndUnlockSpecialistFunctionsTest" name="adminLockUnlockSpecialistFunctions" time="0.0">
    <ignored/>
  </testcase> <!-- adminLockUnlockSpecialistFunctions -->
  <testcase classname="Tests.KindergartenAddToList" name="uploadKindergarenToList" time="0.0">
    <ignored/>
  </testcase> <!-- uploadKindergarenToList -->
  <testcase classname="Tests.ParentDeleteApplicationformTest" name="parentDeleteAplicationform" time="0.0">
    <ignored/>
  </testcase> <!-- parentDeleteAplicationform -->
  <testcase classname="BaseTest.BaseTest" name="@BeforeTest setUp" time="0.0">
    <ignored/>
  </testcase> <!-- @BeforeTest setUp -->
  <testcase classname="BaseTest.BaseTest" name="@BeforeTest setUp" time="0.0">
    <ignored/>
  </testcase> <!-- @BeforeTest setUp -->
  <testcase classname="BaseTest.BaseTest" name="@BeforeTest setUp" time="0.0">
    <ignored/>
  </testcase> <!-- @BeforeTest setUp -->
  <testcase classname="BaseTest.BaseTest" name="@BeforeTest setUp" time="0.0">
    <ignored/>
  </testcase> <!-- @BeforeTest setUp -->
  <testcase classname="BaseTest.BaseTest" name="@BeforeTest setUp" time="0.0">
    <ignored/>
  </testcase> <!-- @BeforeTest setUp -->
  <testcase classname="BaseTest.BaseTest" name="@BeforeTest setUp" time="0.0">
    <ignored/>
  </testcase> <!-- @BeforeTest setUp -->
  <testcase classname="BaseTest.BaseTest" name="@BeforeTest setUp" time="0.0">
    <ignored/>
  </testcase> <!-- @BeforeTest setUp -->
  <testcase classname="BaseTest.BaseTest" name="@BeforeTest setUp" time="0.0">
    <ignored/>
  </testcase> <!-- @BeforeTest setUp -->
  <testcase classname="BaseTest.BaseTest" name="@BeforeTest setUp" time="0.0">
    <ignored/>
  </testcase> <!-- @BeforeTest setUp -->
  <testcase classname="BaseTest.BaseTest" name="@BeforeTest setUp" time="0.0">
    <ignored/>
  </testcase> <!-- @BeforeTest setUp -->
  <testcase classname="Tests.ParentAddPersonalDataTest" name="parentAddPersonalDataTest" time="0.0">
    <ignored/>
  </testcase> <!-- parentAddPersonalDataTest -->
  <testcase classname="Tests.SpecialistCreateQueueTest" name="specialistCreateWithdrawQueue" time="0.0">
    <ignored/>
  </testcase> <!-- specialistCreateWithdrawQueue -->
  <testcase classname="Tests.SpecialistPasswordChangeTest" name="specialistPasswordChangeTest" time="0.0">
    <ignored/>
  </testcase> <!-- specialistPasswordChangeTest -->
  <testcase classname="Tests.SpecialistAddPersonalDataTest" name="specialistAddPersonalDataTest" time="0.0">
    <ignored/>
  </testcase> <!-- specialistAddPersonalDataTest -->
</testsuite> <!-- smoke -->
