<?xml version="1.0" encoding="UTF-8"?>
<!-- Generated by org.testng.reporters.JUnitXMLReporter -->
<testsuite ignored="15" hostname="DESKTOP-GQLF889" failures="0" tests="8" name="regression" time="91.917" errors="0" timestamp="2021-03-17T20:01:57 EET">
  <testcase classname="Tests.ChildRegistrationTest" name="pdfUploadTest" time="14.209"/>
  <testcase classname="Tests.KindergartenAddToList" name="uploadKindergarenToList" time="3.12"/>
  <testcase classname="Tests.ParentAddPersonalDataTest" name="parentAddPersonalDataTest" time="3.847"/>
  <testcase classname="Tests.ParentDeleteApplicationformTest" name="parentDeleteAplicationform" time="10.459"/>
  <testcase classname="Tests.SpecialistAddPersonalDataTest" name="specialistAddPersonalDataTest" time="4.647"/>
  <testcase classname="Tests.SpecialistCreateQueueTest" name="specialistCreateWithdrawQueue" time="9.135"/>
  <testcase classname="Tests.SpecialistPasswordChangeTest" name="specialistPasswordChangeTest" time="4.882"/>
  <testcase classname="Tests.StopAndUnlockSpecialistFunctionsTest" name="adminLockUnlockSpecialistFunctions" time="13.522"/>
  <testcase classname="Tests.ParentPageTest" name="parentLoginPageTest" time="0.0">
    <ignored/>
  </testcase> <!-- parentLoginPageTest -->
  <testcase classname="BaseTest.BaseTest" name="@BeforeTest setUp" time="0.0">
    <ignored/>
  </testcase> <!-- @BeforeTest setUp -->
  <testcase classname="BaseTest.BaseTest" name="@BeforeTest setUp" time="0.0">
    <ignored/>
  </testcase> <!-- @BeforeTest setUp -->
  <testcase classname="BaseTest.BaseTest" name="@BeforeTest setUp" time="0.0">
    <ignored/>
  </testcase> <!-- @BeforeTest setUp -->
  <testcase classname="BaseTest.BaseTest" name="@BeforeTest setUp" time="0.0">
    <ignored/>
  </testcase> <!-- @BeforeTest setUp -->
  <testcase classname="BaseTest.BaseTest" name="@BeforeTest setUp" time="0.0">
    <ignored/>
  </testcase> <!-- @BeforeTest setUp -->
  <testcase classname="BaseTest.BaseTest" name="@BeforeTest setUp" time="0.0">
    <ignored/>
  </testcase> <!-- @BeforeTest setUp -->
  <testcase classname="BaseTest.BaseTest" name="@BeforeTest setUp" time="0.0">
    <ignored/>
  </testcase> <!-- @BeforeTest setUp -->
  <testcase classname="BaseTest.BaseTest" name="@BeforeTest setUp" time="0.0">
    <ignored/>
  </testcase> <!-- @BeforeTest setUp -->
  <testcase classname="BaseTest.BaseTest" name="@BeforeTest setUp" time="0.0">
    <ignored/>
  </testcase> <!-- @BeforeTest setUp -->
  <testcase classname="BaseTest.BaseTest" name="@BeforeTest setUp" time="0.0">
    <ignored/>
  </testcase> <!-- @BeforeTest setUp -->
  <testcase classname="Tests.SpecialistPageTest" name="specialistLoginPageTest" time="0.0">
    <ignored/>
  </testcase> <!-- specialistLoginPageTest -->
  <testcase classname="Tests.SpecialistPageTest" name="specialistLogoutPageTest" time="0.0">
    <ignored/>
  </testcase> <!-- specialistLogoutPageTest -->
  <testcase classname="Tests.ParentPageTest" name="parentLogoutTest" time="0.0">
    <ignored/>
  </testcase> <!-- parentLogoutTest -->
  <testcase classname="Tests.AdminPageTest" name="mainPageTest" time="0.0">
    <ignored/>
  </testcase> <!-- mainPageTest -->
</testsuite> <!-- regression -->
