<?xml version="1.0" encoding="UTF-8"?>
<!-- Generated by org.testng.reporters.JUnitXMLReporter -->
<testsuite ignored="14" hostname="DESKTOP-GQLF889" failures="0" tests="3" name="smoke" time="19.753" errors="0" timestamp="2021-03-09T14:45:50 EET">
  <testcase classname="Tests.ParentAddPersonalDataTest" name="parentAddPersonalDataTest" time="3.125"/>
  <testcase classname="Tests.SpecialistAddPersonalDataTest" name="specialistAddPersonalDataTest" time="3.376"/>
  <testcase classname="Tests.SpecialistPasswordChangeTest" name="specialistPasswordChangeTest" time="4.267"/>
  <testcase classname="Tests.SpecialistPageTest" name="specialistLoginPageTest" time="0.0">
    <ignored/>
  </testcase> <!-- specialistLoginPageTest -->
  <testcase classname="Tests.ChildRegistrationTest" name="pdfUploadTest" time="0.0">
    <ignored/>
  </testcase> <!-- pdfUploadTest -->
  <testcase classname="Tests.SpecialistPageTest" name="specialistLogoutPageTest" time="0.0">
    <ignored/>
  </testcase> <!-- specialistLogoutPageTest -->
  <testcase classname="Tests.ParentPageTest" name="parentLogoutTest" time="0.0">
    <ignored/>
  </testcase> <!-- parentLogoutTest -->
  <testcase classname="Tests.AdminPageTest" name="mainPageTest" time="0.0">
    <ignored/>
  </testcase> <!-- mainPageTest -->
  <testcase classname="Tests.ParentPageTest" name="parentLoginPageTest" time="0.0">
    <ignored/>
  </testcase> <!-- parentLoginPageTest -->
  <testcase classname="Tests.KindergartenAddToList" name="f" time="0.0">
    <ignored/>
  </testcase> <!-- f -->
  <testcase classname="BaseTest.BaseTest" name="@BeforeTest setUp" time="0.0">
    <ignored/>
  </testcase> <!-- @BeforeTest setUp -->
  <testcase classname="BaseTest.BaseTest" name="@BeforeTest setUp" time="0.0">
    <ignored/>
  </testcase> <!-- @BeforeTest setUp -->
  <testcase classname="BaseTest.BaseTest" name="@BeforeTest setUp" time="0.0">
    <ignored/>
  </testcase> <!-- @BeforeTest setUp -->
  <testcase classname="BaseTest.BaseTest" name="@BeforeTest setUp" time="0.0">
    <ignored/>
  </testcase> <!-- @BeforeTest setUp -->
  <testcase classname="BaseTest.BaseTest" name="@BeforeTest setUp" time="0.0">
    <ignored/>
  </testcase> <!-- @BeforeTest setUp -->
  <testcase classname="BaseTest.BaseTest" name="@BeforeTest setUp" time="0.0">
    <ignored/>
  </testcase> <!-- @BeforeTest setUp -->
  <testcase classname="BaseTest.BaseTest" name="@BeforeTest setUp" time="0.0">
    <ignored/>
  </testcase> <!-- @BeforeTest setUp -->
</testsuite> <!-- smoke -->
